<?xml version="1.0" encoding="UTF-8"?>
<!-- Generated by org.testng.reporters.JUnitReportReporter -->
<testsuite skipped="0" hostname="DESKTOP-LG5K4MM" name="sc16" tests="1" failures="0" timestamp="16 Aug 2019 08:19:58 GMT" time="56.877" errors="0">
  <testcase name="M1" time="56.877" classname="sc16"/>
</testsuite> <!-- sc16 -->
