<?xml version="1.0" encoding="UTF-8"?>
<!-- Generated by org.testng.reporters.JUnitReportReporter -->
<testsuite skipped="0" hostname="DESKTOP-LG5K4MM" name="sc2" tests="1" failures="0" timestamp="16 Aug 2019 07:08:21 GMT" time="11.802" errors="0">
  <testcase name="M1" time="11.802" classname="sc2"/>
</testsuite> <!-- sc2 -->
