<?xml version="1.0" encoding="UTF-8"?>
<!-- Generated by org.testng.reporters.JUnitReportReporter -->
<testsuite skipped="0" hostname="DESKTOP-LG5K4MM" name="sc3" tests="1" failures="0" timestamp="16 Aug 2019 07:18:15 GMT" time="8.421" errors="0">
  <testcase name="M1" time="8.421" classname="sc3"/>
</testsuite> <!-- sc3 -->
