<?xml version="1.0" encoding="UTF-8"?>
<!-- Generated by org.testng.reporters.JUnitReportReporter -->
<testsuite skipped="0" hostname="DESKTOP-LG5K4MM" name="sc15" tests="1" failures="0" timestamp="16 Aug 2019 08:21:14 GMT" time="11.672" errors="0">
  <testcase name="M1" time="11.672" classname="sc15"/>
</testsuite> <!-- sc15 -->
