<?xml version="1.0" encoding="UTF-8"?>
<!-- Generated by org.testng.reporters.JUnitReportReporter -->
<testsuite skipped="0" hostname="DESKTOP-LG5K4MM" name="sc1" tests="1" failures="0" timestamp="16 Aug 2019 05:27:11 GMT" time="9.913" errors="0">
  <testcase name="M1" time="9.913" classname="sc1"/>
</testsuite> <!-- sc1 -->
