<?xml version="1.0" encoding="UTF-8"?>
<!-- Generated by org.testng.reporters.JUnitReportReporter -->
<testsuite skipped="0" hostname="DESKTOP-LG5K4MM" name="sc5" tests="1" failures="0" timestamp="16 Aug 2019 07:22:30 GMT" time="13.552" errors="0">
  <testcase name="M1" time="13.552" classname="sc5"/>
</testsuite> <!-- sc5 -->
